[2026-02-26 22:45:11.978120] TRACE    inventory-db       User session initialized
[2026-02-26 22:45:11.981948] TRACE    frontend-gateway   Health check heartbeat sent
[2026-02-26 22:45:11.986737] TRACE    payment-processor  User session initialized
[2026-02-26 22:45:11.988876] WARN     order-worker       API rate limit approaching (85%)
[2026-02-26 22:45:11.992674] ERROR    order-worker       [885d9e5b] Primary data center unreachable
[2026-02-26 22:45:11.997734] ERROR    order-worker       [885d9e5b] Connection pool exhausted
[2026-02-26 22:45:11.999804] ERROR    payment-processor  [885d9e5b] Primary data center unreachable
[2026-02-26 22:45:12.004281] FATAL    auth-api           [885d9e5b] Primary data center unreachable
    at com.app.auth-api.Core.execute(SourceFile.java:165)
[2026-02-26 22:45:12.008261] CRITICAL frontend-gateway   [885d9e5b] Database migration failed: lock timeout
[2026-02-26 22:45:12.013504] CRITICAL auth-api           [885d9e5b] Primary data center unreachable
    at com.app.auth-api.Core.execute(SourceFile.java:111)
[2026-02-26 22:45:12.018591] ERROR    inventory-db       [885d9e5b] Primary data center unreachable
[2026-02-26 22:45:12.023045] ERROR    payment-processor  [885d9e5b] Database migration failed: lock timeout
[2026-02-26 22:45:12.028098] CRITICAL inventory-db       [885d9e5b] Connection pool exhausted
[2026-02-26 22:45:12.028497] CRITICAL frontend-gateway   [885d9e5b] Database migration failed: lock timeout
[2026-02-26 22:45:12.032596] ERROR    frontend-gateway   [885d9e5b] Connection pool exhausted
[2026-02-26 22:45:12.037409] CRITICAL auth-api           [885d9e5b] Primary data center unreachable
[2026-02-26 22:45:12.039235] FATAL    frontend-gateway   [885d9e5b] Connection pool exhausted
    at com.app.frontend-gateway.Core.execute(SourceFile.java:259)
[2026-02-26 22:45:12.040437] ERROR    payment-processor  [885d9e5b] Connection pool exhausted
    at com.app.payment-processor.Core.execute(SourceFile.java:455)
[2026-02-26 22:45:12.046310] FATAL    order-worker       [885d9e5b] Primary data center unreachable
[2026-02-26 22:45:12.047901] ERROR    payment-processor  [885d9e5b] Connection pool exhausted
[2026-02-26 22:45:12.050699] CRITICAL inventory-db       [885d9e5b] Primary data center unreachable
[2026-02-26 22:45:12.055719] FATAL    order-worker       [885d9e5b] Database migration failed: lock timeout
[2026-02-26 22:45:12.059995] DEBUG    order-worker       Cache hit for key: user_profile
[2026-02-26 22:45:12.060763] DEBUG    inventory-db       Cache hit for key: user_profile
[2026-02-26 22:45:12.065677] INFO     inventory-db       Cache hit for key: user_profile
[2026-02-26 22:45:12.065870] DEBUG    auth-api           Health check heartbeat sent
[2026-02-26 22:45:12.066076] INFO     frontend-gateway   Health check heartbeat sent
[2026-02-26 22:45:12.068868] INFO     payment-processor  User session initialized
[2026-02-26 22:45:12.071425] TRACE    inventory-db       Cache hit for key: user_profile
[2026-02-26 22:45:12.072666] INFO     inventory-db       Cache hit for key: user_profile
[2026-02-26 22:45:12.078644] TRACE    inventory-db       Health check heartbeat sent
[2026-02-26 22:45:12.079470] INFO     payment-processor  Health check heartbeat sent
[2026-02-26 22:45:12.082960] DEBUG    payment-processor  Cache hit for key: user_profile
[2026-02-26 22:45:12.085222] DEBUG    order-worker       User session initialized
[2026-02-26 22:45:12.088259] TRACE    payment-processor  Cache hit for key: user_profile
[2026-02-26 22:45:12.091244] TRACE    auth-api           Cache hit for key: user_profile
[2026-02-26 22:45:12.092213] INFO     order-worker       User session initialized
[2026-02-26 22:45:12.095486] TRACE    frontend-gateway   User session initialized
[2026-02-26 22:45:12.098902] DEBUG    payment-processor  Cache hit for key: user_profile
[2026-02-26 22:45:12.100701] INFO     order-worker       Cache hit for key: user_profile
[2026-02-26 22:45:12.104738] INFO     payment-processor  Health check heartbeat sent
[2026-02-26 22:45:12.107821] ERROR    inventory-db       [f789dbc3] Primary data center unreachable
[2026-02-26 22:45:12.112531] CRITICAL order-worker       [f789dbc3] Database migration failed: lock timeout
    at com.app.order-worker.Core.execute(SourceFile.java:434)
[2026-02-26 22:45:12.118587] CRITICAL inventory-db       [f789dbc3] Connection pool exhausted
[2026-02-26 22:45:12.121836] ERROR    order-worker       [f789dbc3] Primary data center unreachable
[2026-02-26 22:45:12.126544] ERROR    order-worker       [f789dbc3] Primary data center unreachable
    at com.app.order-worker.Core.execute(SourceFile.java:112)
[2026-02-26 22:45:12.130426] CRITICAL payment-processor  [f789dbc3] Primary data center unreachable
[2026-02-26 22:45:12.134677] FATAL    auth-api           [f789dbc3] Connection pool exhausted
[2026-02-26 22:45:12.136440] CRITICAL auth-api           [f789dbc3] Database migration failed: lock timeout
[2026-02-26 22:45:12.138593] FATAL    inventory-db       [f789dbc3] Primary data center unreachable
[2026-02-26 22:45:12.144497] ERROR    inventory-db       [f789dbc3] Connection pool exhausted
[2026-02-26 22:45:12.149430] ERROR    auth-api           [f789dbc3] Database migration failed: lock timeout
[2026-02-26 22:45:12.155470] FATAL    frontend-gateway   [f789dbc3] Connection pool exhausted
    at com.app.frontend-gateway.Core.execute(SourceFile.java:266)
[2026-02-26 22:45:12.157711] CRITICAL inventory-db       [f789dbc3] Connection pool exhausted
[2026-02-26 22:45:12.163841] FATAL    frontend-gateway   [f789dbc3] Connection pool exhausted
[2026-02-26 22:45:12.169384] FATAL    payment-processor  [f789dbc3] Primary data center unreachable
[2026-02-26 22:45:12.172926] FATAL    payment-processor  [f789dbc3] Database migration failed: lock timeout
[2026-02-26 22:45:12.177023] ERROR    frontend-gateway   [f789dbc3] Database migration failed: lock timeout
[2026-02-26 22:45:12.178201] FATAL    inventory-db       [f789dbc3] Primary data center unreachable
[2026-02-26 22:45:12.180231] CRITICAL payment-processor  [f789dbc3] Database migration failed: lock timeout
[2026-02-26 22:45:12.184994] ERROR    auth-api           [f789dbc3] Primary data center unreachable
[2026-02-26 22:45:12.189116] FATAL    frontend-gateway   [f789dbc3] Database migration failed: lock timeout
[2026-02-26 22:45:12.193525] ERROR    frontend-gateway   [f789dbc3] Database migration failed: lock timeout
[2026-02-26 22:45:12.196545] FATAL    auth-api           [f789dbc3] Connection pool exhausted
    at com.app.auth-api.Core.execute(SourceFile.java:89)
[2026-02-26 22:45:12.202342] FATAL    payment-processor  [f789dbc3] Connection pool exhausted
[2026-02-26 22:45:12.205679] CRITICAL frontend-gateway   [f789dbc3] Database migration failed: lock timeout
[2026-02-26 22:45:12.206067] CRITICAL frontend-gateway   [f789dbc3] Database migration failed: lock timeout
[2026-02-26 22:45:12.207048] CRITICAL auth-api           [f789dbc3] Primary data center unreachable
[2026-02-26 22:45:12.209980] CRITICAL payment-processor  [f789dbc3] Connection pool exhausted
    at com.app.payment-processor.Core.execute(SourceFile.java:76)
[2026-02-26 22:45:12.212880] CRITICAL auth-api           [f789dbc3] Primary data center unreachable
[2026-02-26 22:45:12.217776] ERROR    inventory-db       [f789dbc3] Primary data center unreachable
[2026-02-26 22:45:12.220768] FATAL    auth-api           [f789dbc3] Database migration failed: lock timeout
[2026-02-26 22:45:12.224497] FATAL    auth-api           [f789dbc3] Connection pool exhausted
[2026-02-26 22:45:12.228514] CRITICAL order-worker       [f789dbc3] Primary data center unreachable
[2026-02-26 22:45:12.234082] CRITICAL auth-api           [f789dbc3] Database migration failed: lock timeout
[2026-02-26 22:45:12.238932] CRITICAL auth-api           [f789dbc3] Primary data center unreachable
[2026-02-26 22:45:12.239696] CRITICAL order-worker       [f789dbc3] Primary data center unreachable
[2026-02-26 22:45:12.243148] FATAL    frontend-gateway   [f789dbc3] Database migration failed: lock timeout
[2026-02-26 22:45:12.247384] FATAL    frontend-gateway   [f789dbc3] Primary data center unreachable
[2026-02-26 22:45:12.247819] CRITICAL frontend-gateway   [f789dbc3] Database migration failed: lock timeout
[2026-02-26 22:45:12.250475] CRITICAL frontend-gateway   [f789dbc3] Connection pool exhausted
[2026-02-26 22:45:12.253180] ERROR    auth-api           [f789dbc3] Primary data center unreachable
[2026-02-26 22:45:12.254109] CRITICAL frontend-gateway   [f789dbc3] Connection pool exhausted
[2026-02-26 22:45:12.260243] ERROR    order-worker       [f789dbc3] Primary data center unreachable
[2026-02-26 22:45:12.264294] FATAL    order-worker       [f789dbc3] Database migration failed: lock timeout
[2026-02-26 22:45:12.270221] FATAL    inventory-db       [f789dbc3] Primary data center unreachable
[2026-02-26 22:45:12.276031] ERROR    auth-api           [f789dbc3] Primary data center unreachable
[2026-02-26 22:45:12.281811] CRITICAL order-worker       [f789dbc3] Primary data center unreachable
[2026-02-26 22:45:12.286590] CRITICAL frontend-gateway   [f789dbc3] Connection pool exhausted
[2026-02-26 22:45:12.290752] TRACE    payment-processor  Cache hit for key: user_profile
[2026-02-26 22:45:12.291592] TRACE    frontend-gateway   User session initialized
[2026-02-26 22:45:12.293223] INFO     auth-api           Health check heartbeat sent
[2026-02-26 22:45:12.296685] DEBUG    frontend-gateway   User session initialized
[2026-02-26 22:45:12.301246] INFO     auth-api           Cache hit for key: user_profile
[2026-02-26 22:45:12.305542] INFO     inventory-db       Health check heartbeat sent
[2026-02-26 22:45:12.311159] DEBUG    auth-api           Cache hit for key: user_profile
[2026-02-26 22:45:12.311585] INFO     order-worker       User session initialized
[2026-02-26 22:45:12.313601] TRACE    inventory-db       Cache hit for key: user_profile
[2026-02-26 22:45:12.316159] INFO     inventory-db       Health check heartbeat sent
[2026-02-26 22:45:12.321345] INFO     frontend-gateway   Health check heartbeat sent
[2026-02-26 22:45:12.322617] DEBUG    frontend-gateway   Health check heartbeat sent
[2026-02-26 22:45:12.323574] TRACE    payment-processor  User session initialized
[2026-02-26 22:45:12.325694] TRACE    inventory-db       Cache hit for key: user_profile
[2026-02-26 22:45:12.328123] INFO     order-worker       Cache hit for key: user_profile
[2026-02-26 22:45:12.331877] DEBUG    inventory-db       Health check heartbeat sent
[2026-02-26 22:45:12.336128] WARN     inventory-db       Retrying connection to upstream
[2026-02-26 22:45:12.341316] WARN     order-worker       API rate limit approaching (85%)
[2026-02-26 22:45:12.344856] WARN     auth-api           Slow query detected: execution > 500ms
[2026-02-26 22:45:12.347941] WARN     auth-api           Retrying connection to upstream
[2026-02-26 22:45:12.352204] WARN     order-worker       Slow query detected: execution > 500ms
[2026-02-26 22:45:12.355111] WARN     auth-api           Retrying connection to upstream
[2026-02-26 22:45:12.358488] WARN     frontend-gateway   Retrying connection to upstream
[2026-02-26 22:45:12.360388] INFO     inventory-db       Health check heartbeat sent
[2026-02-26 22:45:12.364773] DEBUG    inventory-db       Health check heartbeat sent
[2026-02-26 22:45:12.365149] INFO     inventory-db       Health check heartbeat sent
[2026-02-26 22:45:12.368391] TRACE    payment-processor  Health check heartbeat sent
[2026-02-26 22:45:12.370793] TRACE    frontend-gateway   Cache hit for key: user_profile
[2026-02-26 22:45:12.376051] TRACE    inventory-db       Health check heartbeat sent
[2026-02-26 22:45:12.381018] INFO     auth-api           Cache hit for key: user_profile
[2026-02-26 22:45:12.381537] TRACE    auth-api           Cache hit for key: user_profile
[2026-02-26 22:45:12.386664] INFO     inventory-db       Cache hit for key: user_profile
[2026-02-26 22:45:12.391137] DEBUG    auth-api           User session initialized
[2026-02-26 22:45:12.391348] INFO     inventory-db       Health check heartbeat sent
[2026-02-26 22:45:12.391990] TRACE    payment-processor  User session initialized
[2026-02-26 22:45:12.395449] DEBUG    order-worker       User session initialized
[2026-02-26 22:45:12.398461] TRACE    order-worker       Cache hit for key: user_profile
[2026-02-26 22:45:12.400389] TRACE    payment-processor  User session initialized
[2026-02-26 22:45:12.406496] DEBUG    auth-api           Health check heartbeat sent
[2026-02-26 22:45:12.410382] INFO     frontend-gateway   Health check heartbeat sent
[2026-02-26 22:45:12.414392] TRACE    payment-processor  User session initialized
[2026-02-26 22:45:12.414884] TRACE    auth-api           Health check heartbeat sent
[2026-02-26 22:45:12.420728] TRACE    order-worker       Health check heartbeat sent
[2026-02-26 22:45:12.422196] DEBUG    order-worker       Cache hit for key: user_profile
[2026-02-26 22:45:12.425922] DEBUG    auth-api           Cache hit for key: user_profile
[2026-02-26 22:45:12.426403] INFO     frontend-gateway   Cache hit for key: user_profile
[2026-02-26 22:45:12.429066] DEBUG    auth-api           Cache hit for key: user_profile
[2026-02-26 22:45:12.435160] DEBUG    auth-api           Cache hit for key: user_profile
[2026-02-26 22:45:12.439139] TRACE    auth-api           Cache hit for key: user_profile
[2026-02-26 22:45:12.439988] TRACE    auth-api           User session initialized
[2026-02-26 22:45:12.441150] INFO     order-worker       Cache hit for key: user_profile
[2026-02-26 22:45:12.441766] DEBUG    order-worker       User session initialized
[2026-02-26 22:45:12.444668] TRACE    payment-processor  User session initialized
[2026-02-26 22:45:12.449116] DEBUG    inventory-db       Health check heartbeat sent
[2026-02-26 22:45:12.451241] INFO     auth-api           Health check heartbeat sent
[2026-02-26 22:45:12.454417] TRACE    order-worker       Cache hit for key: user_profile
[2026-02-26 22:45:12.455285] TRACE    frontend-gateway   Health check heartbeat sent
[2026-02-26 22:45:12.460094] INFO     auth-api           User session initialized
[2026-02-26 22:45:12.461746] DEBUG    frontend-gateway   Cache hit for key: user_profile
[2026-02-26 22:45:12.463590] TRACE    inventory-db       Health check heartbeat sent
[2026-02-26 22:45:12.468338] INFO     frontend-gateway   Cache hit for key: user_profile
[2026-02-26 22:45:12.471599] TRACE    auth-api           Health check heartbeat sent
[2026-02-26 22:45:12.476483] TRACE    frontend-gateway   Health check heartbeat sent
[2026-02-26 22:45:12.482426] INFO     payment-processor  Cache hit for key: user_profile
[2026-02-26 22:45:12.485968] TRACE    auth-api           Cache hit for key: user_profile
[2026-02-26 22:45:12.488216] INFO     inventory-db       User session initialized
[2026-02-26 22:45:12.489585] TRACE    auth-api           User session initialized
[2026-02-26 22:45:12.491051] INFO     order-worker       User session initialized
[2026-02-26 22:45:12.494436] TRACE    frontend-gateway   Cache hit for key: user_profile
[2026-02-26 22:45:12.497138] TRACE    payment-processor  Cache hit for key: user_profile
[2026-02-26 22:45:12.499692] DEBUG    auth-api           Health check heartbeat sent
[2026-02-26 22:45:12.505127] TRACE    auth-api           User session initialized
[2026-02-26 22:45:12.505858] DEBUG    auth-api           User session initialized
[2026-02-26 22:45:12.508599] INFO     frontend-gateway   Health check heartbeat sent
[2026-02-26 22:45:12.512811] TRACE    order-worker       Health check heartbeat sent
[2026-02-26 22:45:12.518691] DEBUG    order-worker       User session initialized
[2026-02-26 22:45:12.520512] TRACE    auth-api           Cache hit for key: user_profile
[2026-02-26 22:45:12.526468] DEBUG    payment-processor  User session initialized
[2026-02-26 22:45:12.528096] TRACE    inventory-db       User session initialized
[2026-02-26 22:45:12.528254] DEBUG    inventory-db       User session initialized
[2026-02-26 22:45:12.531162] INFO     payment-processor  User session initialized
[2026-02-26 22:45:12.534025] INFO     inventory-db       User session initialized
[2026-02-26 22:45:12.535980] TRACE    payment-processor  Cache hit for key: user_profile
[2026-02-26 22:45:12.540288] DEBUG    auth-api           Health check heartbeat sent
[2026-02-26 22:45:12.543440] DEBUG    auth-api           Health check heartbeat sent
[2026-02-26 22:45:12.543832] INFO     payment-processor  Cache hit for key: user_profile
[2026-02-26 22:45:12.548812] TRACE    payment-processor  Cache hit for key: user_profile
[2026-02-26 22:45:12.550805] WARN     auth-api           Retrying connection to upstream
[2026-02-26 22:45:12.555634] TRACE    order-worker       Cache hit for key: user_profile
[2026-02-26 22:45:12.558514] TRACE    inventory-db       Cache hit for key: user_profile
[2026-02-26 22:45:12.560069] WARN     frontend-gateway   Slow query detected: execution > 500ms
[2026-02-26 22:45:12.563952] TRACE    payment-processor  Cache hit for key: user_profile
[2026-02-26 22:45:12.565809] TRACE    inventory-db       User session initialized
[2026-02-26 22:45:12.567416] TRACE    frontend-gateway   Health check heartbeat sent
[2026-02-26 22:45:12.572114] TRACE    inventory-db       User session initialized
[2026-02-26 22:45:12.574868] INFO     auth-api           Health check heartbeat sent
[2026-02-26 22:45:12.576323] TRACE    order-worker       Health check heartbeat sent
[2026-02-26 22:45:12.578839] DEBUG    frontend-gateway   User session initialized
[2026-02-26 22:45:12.582846] INFO     payment-processor  Cache hit for key: user_profile
[2026-02-26 22:45:12.584764] DEBUG    auth-api           Health check heartbeat sent
[2026-02-26 22:45:12.588762] TRACE    auth-api           Health check heartbeat sent
[2026-02-26 22:45:12.594671] WARN     auth-api           API rate limit approaching (85%)
[2026-02-26 22:45:12.595953] WARN     auth-api           Retrying connection to upstream
[2026-02-26 22:45:12.599916] WARN     auth-api           Slow query detected: execution > 500ms
[2026-02-26 22:45:12.601695] WARN     frontend-gateway   Slow query detected: execution > 500ms
[2026-02-26 22:45:12.606877] FATAL    inventory-db       [76957803] Connection pool exhausted
[2026-02-26 22:45:12.609526] FATAL    frontend-gateway   [76957803] Primary data center unreachable
    at com.app.frontend-gateway.Core.execute(SourceFile.java:376)
[2026-02-26 22:45:12.613409] CRITICAL frontend-gateway   [76957803] Connection pool exhausted
[2026-02-26 22:45:12.616601] ERROR    inventory-db       [76957803] Connection pool exhausted
    at com.app.inventory-db.Core.execute(SourceFile.java:38)
[2026-02-26 22:45:12.620274] CRITICAL payment-processor  [76957803] Database migration failed: lock timeout
    at com.app.payment-processor.Core.execute(SourceFile.java:110)
[2026-02-26 22:45:12.624369] ERROR    inventory-db       [76957803] Primary data center unreachable
